<?xml version="1.0" encoding="UTF-8"?>
<!-- Generated by org.testng.reporters.JUnitReportReporter -->
<testsuite hostname="Pankaj_1-PC" failures="0" tests="1" name="com.selenium.RestTest" time="4.925" errors="0" timestamp="2021-04-02T10:51:07 PDT" skipped="0">
  <testcase classname="com.selenium.RestTest" name="m1" time="4.925"/>
  <system-out/>
</testsuite> <!-- com.selenium.RestTest -->
